<?xml version="1.0" encoding="UTF-8" ?>
<testsuite tests="13" failures="0" name="cucumberrunner.TestRunner" time="0.317" errors="0" skipped="11">
  <properties>
[...]
</properties>
  <testcase classname="Scenario: Select highest price flight for two senior citizens" name="Given user navigate to Home page" time="0.005"/>
  <testcase classname="Scenario: Select highest price flight for two senior citizens" name="Then user verifies One Way radio button is selected" time="0.019">
    <skipped/>
  </testcase>
  <testcase classname="Scenario: Select highest price flight for two senior citizens" name="When user clicks on Round Trip Radio button" time="0.019">
    <skipped/>
  </testcase>
  <testcase classname="Scenario: Select highest price flight for two senior citizens" name="And Select the Departure City as &quot;BLR&quot; and Arrival city as &quot;HYD&quot;" time="0.019">
    <skipped/>
  </testcase>
  <testcase classname="Scenario: Select highest price flight for two senior citizens" name="And Select the Passengers as &quot;2&quot;" time="0.019">
    <skipped/>
  </testcase>
  <testcase classname="Scenario: Select highest price flight for two senior citizens" name="And clicks on Search Button" time="0.027">
    <skipped/>
  </testcase>
  <testcase classname="Scenario: Select highest price flight for two senior citizens" name="Then Flights availability table is displayed" time="0.027">
    <skipped/>
  </testcase>
  <testcase classname="Scenario: Select highest price flight for two senior citizens" name="When user clicks on Senior citizens terms and conditions" time="0.027">
    <skipped/>
  </testcase>
  <testcase classname="Scenario: Select highest price flight for two senior citizens" name="Then Senior citizens terms and condtions should get checked" time="0.031">
    <skipped/>
  </testcase>
  <testcase classname="Scenario: Select highest price flight for two senior citizens" name="When user selects the costliest flights" time="0.031">
    <skipped/>
  </testcase>
  <testcase classname="Scenario: Select highest price flight for two senior citizens" name="Then total fare should be updated" time="0.031">
    <skipped/>
  </testcase>
  <testcase classname="Scenario: Select highest price flight for two senior citizens" name="Scenario: Select highest price flight for two senior citizens" time="0.031">
    <skipped/>
  </testcase>
  <testcase classname="Scenario: Select highest price flight for two senior citizens" name="Scenario: Select highest price flight for two senior citizens" time="0.031"/>
</testsuite>